<?xml version="1.0" encoding="UTF-8"?>
<testng-results ignored="0" total="4" passed="3" failed="1" skipped="0">
  <reporter-output>
  </reporter-output>
  <suite started-at="2021-10-17T14:43:44 SAST" name="All Tests" finished-at="2021-10-17T14:44:38 SAST" duration-ms="54703">
    <groups>
    </groups>
    <test started-at="2021-10-17T14:43:44 SAST" name="PositiveTests-Fake Pricing" finished-at="2021-10-17T14:44:38 SAST" duration-ms="54703">
      <class name="siduduzo.voss.tests.FakePricingPageTest">
        <test-method is-config="true" signature="classLevelSetup()[pri:0, instance:siduduzo.voss.tests.FakePricingPageTest@2a798d51]" started-at="2021-10-17T14:43:44 SAST" name="classLevelSetup" finished-at="2021-10-17T14:43:49 SAST" duration-ms="5406" status="PASS">
          <reporter-output>
          </reporter-output>
        </test-method> <!-- classLevelSetup -->
        <test-method is-config="true" signature="methodLevelSetup()[pri:0, instance:siduduzo.voss.tests.FakePricingPageTest@2a798d51]" started-at="2021-10-17T14:43:49 SAST" name="methodLevelSetup" finished-at="2021-10-17T14:43:49 SAST" duration-ms="6" status="PASS">
          <reporter-output>
          </reporter-output>
        </test-method> <!-- methodLevelSetup -->
        <test-method signature="purchasePackage(java.util.Map)[pri:1, instance:siduduzo.voss.tests.FakePricingPageTest@2a798d51]" started-at="2021-10-17T14:43:49 SAST" name="purchasePackage" data-provider="csvReader" finished-at="2021-10-17T14:43:55 SAST" duration-ms="6110" status="PASS">
          <params>
            <param index="0">
              <value>
                <![CDATA[{homeTitle=Automation Practice, fakeLink=https://ultimateqa.com/fake-pricing-page, testID=1, testDescription=Open fake Pricing page and purchase a basic package, basicLink=https://ultimateqa.com/automation/fake-pricing-page/#top}]]>
              </value>
            </param>
          </params>
          <reporter-output>
          </reporter-output>
        </test-method> <!-- purchasePackage -->
      </class> <!-- siduduzo.voss.tests.FakePricingPageTest -->
      <class name="siduduzo.voss.tests.HomePageTest">
        <test-method is-config="true" signature="classLevelSetup()[pri:0, instance:siduduzo.voss.tests.HomePageTest@5c5eefef]" started-at="2021-10-17T14:44:12 SAST" name="classLevelSetup" finished-at="2021-10-17T14:44:15 SAST" duration-ms="3135" status="PASS">
          <reporter-output>
          </reporter-output>
        </test-method> <!-- classLevelSetup -->
        <test-method signature="verifyHomePage(java.util.Map)[pri:1, instance:siduduzo.voss.tests.HomePageTest@5c5eefef]" started-at="2021-10-17T14:44:15 SAST" name="verifyHomePage" data-provider="csvReader" finished-at="2021-10-17T14:44:16 SAST" duration-ms="1526" status="PASS">
          <params>
            <param index="0">
              <value>
                <![CDATA[{testID=1, text=Automation Practice, testDescription=Opening the Home page and verifying the the title.}]]>
              </value>
            </param>
          </params>
          <reporter-output>
          </reporter-output>
        </test-method> <!-- verifyHomePage -->
        <test-method is-config="true" signature="methodLevelSetup()[pri:0, instance:siduduzo.voss.tests.HomePageTest@5c5eefef]" started-at="2021-10-17T14:44:15 SAST" name="methodLevelSetup" finished-at="2021-10-17T14:44:15 SAST" duration-ms="0" status="PASS">
          <reporter-output>
          </reporter-output>
        </test-method> <!-- methodLevelSetup -->
      </class> <!-- siduduzo.voss.tests.HomePageTest -->
      <class name="siduduzo.voss.tests.LoginPageTest">
        <test-method is-config="true" signature="classLevelSetup()[pri:0, instance:siduduzo.voss.tests.LoginPageTest@16293aa2]" started-at="2021-10-17T14:44:16 SAST" name="classLevelSetup" finished-at="2021-10-17T14:44:21 SAST" duration-ms="4130" status="PASS">
          <reporter-output>
          </reporter-output>
        </test-method> <!-- classLevelSetup -->
        <test-method is-config="true" signature="methodLevelSetup()[pri:0, instance:siduduzo.voss.tests.LoginPageTest@16293aa2]" started-at="2021-10-17T14:44:21 SAST" name="methodLevelSetup" finished-at="2021-10-17T14:44:21 SAST" duration-ms="1" status="PASS">
          <reporter-output>
          </reporter-output>
        </test-method> <!-- methodLevelSetup -->
        <test-method signature="testLogin(java.util.Map)[pri:1, instance:siduduzo.voss.tests.LoginPageTest@16293aa2]" started-at="2021-10-17T14:44:21 SAST" name="testLogin" data-provider="csvReader" finished-at="2021-10-17T14:44:38 SAST" duration-ms="17912" status="FAIL">
          <params>
            <param index="0">
              <value>
                <![CDATA[{password=123456789, testID=1, testDescription=Positive Login test, email=sidmanqele@gmail.com}]]>
              </value>
            </param>
          </params>
          <exception class="org.openqa.selenium.TimeoutException">
            <message>
              <![CDATA[Expected condition failed: waiting for visibility of element located by By.name: q (tried for 10 second(s) with 500 milliseconds interval)
Build info: version: '4.0.0-alpha-7', revision: 'de8579b6d5'
System info: host: 'ZA-NB054', ip: '192.168.18.30', os.name: 'Windows 10', os.arch: 'amd64', os.version: '10.0', java.version: '17'
Driver info: org.openqa.selenium.firefox.FirefoxDriver
Capabilities {acceptInsecureCerts: true, browserName: firefox, browserVersion: 93.0, javascriptEnabled: true, moz:accessibilityChecks: false, moz:buildID: 20210927210923, moz:geckodriverVersion: 0.30.0, moz:headless: false, moz:processID: 40524, moz:profile: C:\Users\smanqele\AppData\L..., moz:shutdownTimeout: 60000, moz:useNonSpecCompliantPointerOrigin: false, moz:webdriverClick: true, pageLoadStrategy: normal, platform: WINDOWS, platformName: WINDOWS, platformVersion: 10.0, proxy: Proxy(), setWindowRect: true, strictFileInteractability: false, timeouts: {implicit: 0, pageLoad: 300000, script: 30000}, unhandledPromptBehavior: dismiss and notify}
Session ID: 50ae4a7f-27d8-48f6-af00-9eff675243e5]]>
            </message>
            <full-stacktrace>
              <![CDATA[org.openqa.selenium.TimeoutException: Expected condition failed: waiting for visibility of element located by By.name: q (tried for 10 second(s) with 500 milliseconds interval)
Build info: version: '4.0.0-alpha-7', revision: 'de8579b6d5'
System info: host: 'ZA-NB054', ip: '192.168.18.30', os.name: 'Windows 10', os.arch: 'amd64', os.version: '10.0', java.version: '17'
Driver info: org.openqa.selenium.firefox.FirefoxDriver
Capabilities {acceptInsecureCerts: true, browserName: firefox, browserVersion: 93.0, javascriptEnabled: true, moz:accessibilityChecks: false, moz:buildID: 20210927210923, moz:geckodriverVersion: 0.30.0, moz:headless: false, moz:processID: 40524, moz:profile: C:\Users\smanqele\AppData\L..., moz:shutdownTimeout: 60000, moz:useNonSpecCompliantPointerOrigin: false, moz:webdriverClick: true, pageLoadStrategy: normal, platform: WINDOWS, platformName: WINDOWS, platformVersion: 10.0, proxy: Proxy(), setWindowRect: true, strictFileInteractability: false, timeouts: {implicit: 0, pageLoad: 300000, script: 30000}, unhandledPromptBehavior: dismiss and notify}
Session ID: 50ae4a7f-27d8-48f6-af00-9eff675243e5
at org.openqa.selenium.support.ui.FluentWait.until(FluentWait.java:211)
at siduduzo.voss.pages.BasePage.waitVisibility(BasePage.java:50)
at siduduzo.voss.pages.LoginPage.logout(LoginPage.java:42)
at siduduzo.voss.tests.LoginPageTest.testLogin(LoginPageTest.java:22)
at java.base/jdk.internal.reflect.NativeMethodAccessorImpl.invoke0(Native Method)
at java.base/jdk.internal.reflect.NativeMethodAccessorImpl.invoke(NativeMethodAccessorImpl.java:77)
at java.base/jdk.internal.reflect.DelegatingMethodAccessorImpl.invoke(DelegatingMethodAccessorImpl.java:43)
at java.base/java.lang.reflect.Method.invoke(Method.java:568)
at org.testng.internal.MethodInvocationHelper.invokeMethod(MethodInvocationHelper.java:133)
at org.testng.internal.TestInvoker.invokeMethod(TestInvoker.java:598)
at org.testng.internal.TestInvoker.invokeTestMethod(TestInvoker.java:173)
at org.testng.internal.MethodRunner.runInSequence(MethodRunner.java:46)
at org.testng.internal.TestInvoker$MethodInvocationAgent.invoke(TestInvoker.java:824)
at org.testng.internal.TestInvoker.invokeTestMethods(TestInvoker.java:146)
at org.testng.internal.TestMethodWorker.invokeTestMethods(TestMethodWorker.java:146)
at org.testng.internal.TestMethodWorker.run(TestMethodWorker.java:128)
at java.base/java.util.ArrayList.forEach(ArrayList.java:1511)
at org.testng.TestRunner.privateRun(TestRunner.java:794)
at org.testng.TestRunner.run(TestRunner.java:596)
at org.testng.SuiteRunner.runTest(SuiteRunner.java:377)
at org.testng.SuiteRunner.runSequentially(SuiteRunner.java:371)
at org.testng.SuiteRunner.privateRun(SuiteRunner.java:332)
at org.testng.SuiteRunner.run(SuiteRunner.java:276)
at org.testng.SuiteRunnerWorker.runSuite(SuiteRunnerWorker.java:53)
at org.testng.SuiteRunnerWorker.run(SuiteRunnerWorker.java:96)
at org.testng.TestNG.runSuitesSequentially(TestNG.java:1212)
at org.testng.TestNG.runSuitesLocally(TestNG.java:1134)
at org.testng.TestNG.runSuites(TestNG.java:1063)
at org.testng.TestNG.run(TestNG.java:1031)
at org.testng.remote.AbstractRemoteTestNG.run(AbstractRemoteTestNG.java:115)
at org.testng.remote.RemoteTestNG.initAndRun(RemoteTestNG.java:251)
at org.testng.remote.RemoteTestNG.main(RemoteTestNG.java:77)
]]>
            </full-stacktrace>
          </exception> <!-- org.openqa.selenium.TimeoutException -->
          <reporter-output>
          </reporter-output>
        </test-method> <!-- testLogin -->
      </class> <!-- siduduzo.voss.tests.LoginPageTest -->
      <class name="siduduzo.voss.tests.FillOutFormPageTest">
        <test-method is-config="true" signature="classLevelSetup()[pri:0, instance:siduduzo.voss.tests.FillOutFormPageTest@222545dc]" started-at="2021-10-17T14:43:55 SAST" name="classLevelSetup" finished-at="2021-10-17T14:43:59 SAST" duration-ms="3449" status="PASS">
          <reporter-output>
          </reporter-output>
        </test-method> <!-- classLevelSetup -->
        <test-method is-config="true" signature="methodLevelSetup()[pri:0, instance:siduduzo.voss.tests.FillOutFormPageTest@222545dc]" started-at="2021-10-17T14:43:59 SAST" name="methodLevelSetup" finished-at="2021-10-17T14:43:59 SAST" duration-ms="1" status="PASS">
          <reporter-output>
          </reporter-output>
        </test-method> <!-- methodLevelSetup -->
        <test-method signature="fillOutForms(java.util.Map)[pri:1, instance:siduduzo.voss.tests.FillOutFormPageTest@222545dc]" started-at="2021-10-17T14:43:59 SAST" name="fillOutForms" data-provider="csvReader" finished-at="2021-10-17T14:44:12 SAST" duration-ms="12978" status="PASS">
          <params>
            <param index="0">
              <value>
                <![CDATA[{firstName=Siduduzo, cap=16, firstMessage=This is the automated test, homeTitle=Automation Practice, testID=1, testDescription=Open Home Page. Click fill out forms. Fill up forms and submit., expectedMCount=2, expectedMessage=Thanks for contacting us}]]>
              </value>
            </param>
          </params>
          <reporter-output>
          </reporter-output>
        </test-method> <!-- fillOutForms -->
      </class> <!-- siduduzo.voss.tests.FillOutFormPageTest -->
    </test> <!-- PositiveTests-Fake Pricing -->
  </suite> <!-- All Tests -->
</testng-results>
